<?xml version="1.0" encoding="UTF-8"?><testsuite errors="0" failures="0" name="As a user, I need to search a user in the User Viewer Poli Plugin." skipped="0" tests="21" time="364.92" timestamp="2023-05-25 08:10:27"><testcase name="Search a user with name"/><testcase name="Search a user with lastname"/><testcase name="Search a user with country"/><testcase name="Search a user with role"/><testcase name="Validate the view more details"/><testcase name="Validate the edition of university"/><testcase name="Validate the edition of Academic Degree"/><testcase name="Validate the edition of Biography"/><testcase name="Validate the action of viewer"/><testcase name="Validates keys of details modal"/><testcase name="Validate pagination control"/><testcase name="Validate the users from pagination"/><testcase name="Validate the export button for generate excel"/></testsuite>